<?xml version="1.0" encoding="UTF-8"?>
<testng-results ignored="0" total="5" passed="5" failed="0" skipped="0">
  <reporter-output>
  </reporter-output>
  <suite started-at="2024-10-26T16:28:57 IST" name="Default suite" finished-at="2024-10-26T16:30:16 IST" duration-ms="78808">
    <groups>
      <group name="cucumber">
        <method signature="AbstractTestNGCucumberTests.runScenario(io.cucumber.testng.PickleWrapper,io.cucumber.testng.FeatureWrapper)[pri:0, instance:runner.TestRunner@1c1bbc4e]" name="runScenario" class="io.cucumber.testng.AbstractTestNGCucumberTests"/>
      </group> <!-- cucumber -->
    </groups>
    <test started-at="2024-10-26T16:28:57 IST" name="Default test" finished-at="2024-10-26T16:30:16 IST" duration-ms="78808">
      <class name="runner.TestRunner">
        <test-method is-config="true" signature="setUpClass(org.testng.ITestContext)[pri:0, instance:runner.TestRunner@1c1bbc4e]" started-at="2024-10-26T16:28:57 IST" name="setUpClass" finished-at="2024-10-26T16:28:59 IST" duration-ms="2520" status="PASS">
          <params>
            <param index="0">
              <value>
                <![CDATA[org.testng.TestRunner@7ed49a7f]]>
              </value>
            </param>
          </params>
          <reporter-output>
          </reporter-output>
        </test-method> <!-- setUpClass -->
        <test-method signature="runScenario(io.cucumber.testng.PickleWrapper,io.cucumber.testng.FeatureWrapper)[pri:0, instance:runner.TestRunner@1c1bbc4e]" started-at="2024-10-26T16:28:59 IST" name="runScenario" description="Runs Cucumber Scenarios" data-provider="scenarios" finished-at="2024-10-26T16:29:26 IST" duration-ms="26072" status="PASS">
          <params>
            <param index="0">
              <value>
                <![CDATA["Validate user able to access the application with valid credential"]]>
              </value>
            </param>
            <param index="1">
              <value>
                <![CDATA["LoggedIn User View"]]>
              </value>
            </param>
          </params>
          <reporter-output>
          </reporter-output>
        </test-method> <!-- runScenario -->
        <test-method signature="runScenario(io.cucumber.testng.PickleWrapper,io.cucumber.testng.FeatureWrapper)[pri:0, instance:runner.TestRunner@1c1bbc4e]" started-at="2024-10-26T16:29:26 IST" name="runScenario" description="Runs Cucumber Scenarios" data-provider="scenarios" finished-at="2024-10-26T16:29:37 IST" duration-ms="11805" status="PASS">
          <params>
            <param index="0">
              <value>
                <![CDATA["Validate user to access the application with valid credential with multiple set pf data"]]>
              </value>
            </param>
            <param index="1">
              <value>
                <![CDATA["LoggedIn User View"]]>
              </value>
            </param>
          </params>
          <reporter-output>
          </reporter-output>
        </test-method> <!-- runScenario -->
        <test-method signature="runScenario(io.cucumber.testng.PickleWrapper,io.cucumber.testng.FeatureWrapper)[pri:0, instance:runner.TestRunner@1c1bbc4e]" started-at="2024-10-26T16:29:37 IST" name="runScenario" description="Runs Cucumber Scenarios" data-provider="scenarios" finished-at="2024-10-26T16:29:48 IST" duration-ms="10389" status="PASS">
          <params>
            <param index="0">
              <value>
                <![CDATA["Validate user to access the application with valid credential with multiple set pf data"]]>
              </value>
            </param>
            <param index="1">
              <value>
                <![CDATA["LoggedIn User View"]]>
              </value>
            </param>
          </params>
          <reporter-output>
          </reporter-output>
        </test-method> <!-- runScenario -->
        <test-method signature="runScenario(io.cucumber.testng.PickleWrapper,io.cucumber.testng.FeatureWrapper)[pri:0, instance:runner.TestRunner@1c1bbc4e]" started-at="2024-10-26T16:29:48 IST" name="runScenario" description="Runs Cucumber Scenarios" data-provider="scenarios" finished-at="2024-10-26T16:30:02 IST" duration-ms="14635" status="PASS">
          <params>
            <param index="0">
              <value>
                <![CDATA["Validate new user successfully registers in the application"]]>
              </value>
            </param>
            <param index="1">
              <value>
                <![CDATA["New User Registration"]]>
              </value>
            </param>
          </params>
          <reporter-output>
          </reporter-output>
        </test-method> <!-- runScenario -->
        <test-method signature="runScenario(io.cucumber.testng.PickleWrapper,io.cucumber.testng.FeatureWrapper)[pri:0, instance:runner.TestRunner@1c1bbc4e]" started-at="2024-10-26T16:30:02 IST" name="runScenario" description="Runs Cucumber Scenarios" data-provider="scenarios" finished-at="2024-10-26T16:30:15 IST" duration-ms="12799" status="PASS">
          <params>
            <param index="0">
              <value>
                <![CDATA["Validate new user successfully registers in the application"]]>
              </value>
            </param>
            <param index="1">
              <value>
                <![CDATA["New User Registration"]]>
              </value>
            </param>
          </params>
          <reporter-output>
          </reporter-output>
        </test-method> <!-- runScenario -->
        <test-method is-config="true" signature="tearDownClass()[pri:0, instance:runner.TestRunner@1c1bbc4e]" started-at="2024-10-26T16:30:15 IST" name="tearDownClass" finished-at="2024-10-26T16:30:16 IST" duration-ms="216" status="PASS">
          <reporter-output>
          </reporter-output>
        </test-method> <!-- tearDownClass -->
      </class> <!-- runner.TestRunner -->
    </test> <!-- Default test -->
  </suite> <!-- Default suite -->
</testng-results>
